{"C:\\Users\\edson.sousa\\Desktop\\CHATV8\\api_ts\\app.ts": {"path":"C:\\Users\\edson.sousa\\Desktop\\CHATV8\\api_ts\\app.ts","statementMap":{"0":{"start":{"line":1,"column":0},"end":{"line":1,"column":33}},"1":{"start":{"line":2,"column":0},"end":{"line":2,"column":23}},"2":{"start":{"line":3,"column":0},"end":{"line":3,"column":29}},"3":{"start":{"line":4,"column":0},"end":{"line":4,"column":23}},"4":{"start":{"line":5,"column":12},"end":{"line":5,"column":21}},"5":{"start":{"line":6,"column":15},"end":{"line":6,"column":35}},"6":{"start":{"line":8,"column":34},"end":{"line":11,"column":null}},"7":{"start":{"line":13,"column":0},"end":{"line":13,"column":null}},"8":{"start":{"line":14,"column":0},"end":{"line":14,"column":null}},"9":{"start":{"line":15,"column":0},"end":{"line":15,"column":null}},"10":{"start":{"line":17,"column":15},"end":{"line":17,"column":37}},"11":{"start":{"line":33,"column":9},"end":{"line":33,"column":15}},"12":{"start":{"line":19,"column":11},"end":{"line":24,"column":2}},"13":{"start":{"line":26,"column":0},"end":{"line":31,"column":3}},"14":{"start":{"line":27,"column":1},"end":{"line":27,"column":null}},"15":{"start":{"line":28,"column":1},"end":{"line":30,"column":null}},"16":{"start":{"line":29,"column":2},"end":{"line":29,"column":null}}},"fnMap":{"0":{"name":"(anonymous_1)","decl":{"start":{"line":26,"column":20},"end":{"line":26,"column":21}},"loc":{"start":{"line":26,"column":36},"end":{"line":31,"column":1}}},"1":{"name":"(anonymous_2)","decl":{"start":{"line":28,"column":27},"end":{"line":28,"column":31}},"loc":{"start":{"line":28,"column":34},"end":{"line":30,"column":2}}}},"branchMap":{},"s":{"0":1,"1":1,"2":1,"3":1,"4":1,"5":1,"6":1,"7":1,"8":1,"9":1,"10":1,"11":1,"12":1,"13":1,"14":0,"15":0,"16":0},"f":{"0":0,"1":0},"b":{}}
,"C:\\Users\\edson.sousa\\Desktop\\CHATV8\\api_ts\\router.ts": {"path":"C:\\Users\\edson.sousa\\Desktop\\CHATV8\\api_ts\\router.ts","statementMap":{"0":{"start":{"line":1,"column":0},"end":{"line":1,"column":32}},"1":{"start":{"line":3,"column":0},"end":{"line":3,"column":97}},"2":{"start":{"line":5,"column":15},"end":{"line":5,"column":23}},"3":{"start":{"line":15,"column":9},"end":{"line":15,"column":15}},"4":{"start":{"line":7,"column":0},"end":{"line":9,"column":null}},"5":{"start":{"line":8,"column":4},"end":{"line":8,"column":null}},"6":{"start":{"line":11,"column":0},"end":{"line":13,"column":null}},"7":{"start":{"line":12,"column":4},"end":{"line":12,"column":null}}},"fnMap":{"0":{"name":"(anonymous_0)","decl":{"start":{"line":7,"column":23},"end":{"line":7,"column":24}},"loc":{"start":{"line":7,"column":36},"end":{"line":9,"column":1}}},"1":{"name":"(anonymous_1)","decl":{"start":{"line":11,"column":22},"end":{"line":11,"column":23}},"loc":{"start":{"line":11,"column":35},"end":{"line":13,"column":1}}}},"branchMap":{},"s":{"0":1,"1":1,"2":1,"3":1,"4":1,"5":2,"6":1,"7":2},"f":{"0":2,"1":2},"b":{}}
,"C:\\Users\\edson.sousa\\Desktop\\CHATV8\\api_ts\\UserUseCase\\index.ts": {"path":"C:\\Users\\edson.sousa\\Desktop\\CHATV8\\api_ts\\UserUseCase\\index.ts","statementMap":{"0":{"start":{"line":1,"column":0},"end":{"line":1,"column":91}},"1":{"start":{"line":2,"column":0},"end":{"line":2,"column":73}},"2":{"start":{"line":3,"column":0},"end":{"line":3,"column":67}},"3":{"start":{"line":4,"column":0},"end":{"line":4,"column":79}},"4":{"start":{"line":5,"column":0},"end":{"line":5,"column":72}},"5":{"start":{"line":6,"column":0},"end":{"line":6,"column":70}},"6":{"start":{"line":7,"column":0},"end":{"line":7,"column":64}},"7":{"start":{"line":9,"column":29},"end":{"line":9,"column":55}},"8":{"start":{"line":11,"column":26},"end":{"line":12,"column":null}},"9":{"start":{"line":37,"column":4},"end":{"line":37,"column":21}},"10":{"start":{"line":15,"column":29},"end":{"line":16,"column":null}},"11":{"start":{"line":38,"column":4},"end":{"line":38,"column":24}},"12":{"start":{"line":19,"column":27},"end":{"line":20,"column":null}},"13":{"start":{"line":39,"column":4},"end":{"line":39,"column":22}},"14":{"start":{"line":23,"column":31},"end":{"line":24,"column":null}},"15":{"start":{"line":40,"column":4},"end":{"line":40,"column":26}},"16":{"start":{"line":27,"column":25},"end":{"line":28,"column":null}},"17":{"start":{"line":41,"column":4},"end":{"line":41,"column":20}},"18":{"start":{"line":31,"column":28},"end":{"line":32,"column":null}},"19":{"start":{"line":42,"column":4},"end":{"line":42,"column":23}}},"fnMap":{},"branchMap":{},"s":{"0":1,"1":1,"2":1,"3":1,"4":1,"5":1,"6":1,"7":1,"8":1,"9":1,"10":1,"11":1,"12":1,"13":1,"14":1,"15":1,"16":1,"17":1,"18":1,"19":1},"f":{},"b":{}}
,"C:\\Users\\edson.sousa\\Desktop\\CHATV8\\api_ts\\UserUseCase\\CreateUser\\CreateUserController.ts": {"path":"C:\\Users\\edson.sousa\\Desktop\\CHATV8\\api_ts\\UserUseCase\\CreateUser\\CreateUserController.ts","statementMap":{"0":{"start":{"line":3,"column":0},"end":{"line":3,"column":43}},"1":{"start":{"line":4,"column":0},"end":{"line":4,"column":43}},"2":{"start":{"line":9,"column":16},"end":{"line":9,"column":46}},"3":{"start":{"line":13,"column":42},"end":{"line":13,"column":54}},"4":{"start":{"line":15,"column":21},"end":{"line":19,"column":10}},"5":{"start":{"line":20,"column":8},"end":{"line":25,"column":null}},"6":{"start":{"line":22,"column":16},"end":{"line":24,"column":null}},"7":{"start":{"line":23,"column":20},"end":{"line":23,"column":null}},"8":{"start":{"line":27,"column":8},"end":{"line":36,"column":null}},"9":{"start":{"line":28,"column":12},"end":{"line":31,"column":null}},"10":{"start":{"line":30,"column":20},"end":{"line":30,"column":null}},"11":{"start":{"line":33,"column":12},"end":{"line":35,"column":null}},"12":{"start":{"line":6,"column":0},"end":{"line":6,"column":13}}},"fnMap":{"0":{"name":"(anonymous_7)","decl":{"start":{"line":8,"column":4},"end":{"line":8,"column":null}},"loc":{"start":{"line":9,"column":46},"end":{"line":10,"column":9}}},"1":{"name":"(anonymous_8)","decl":{"start":{"line":12,"column":10},"end":{"line":12,"column":16}},"loc":{"start":{"line":12,"column":53},"end":{"line":37,"column":null}}},"2":{"name":"(anonymous_10)","decl":{"start":{"line":21,"column":18},"end":{"line":21,"column":24}},"loc":{"start":{"line":21,"column":27},"end":{"line":25,"column":13}}},"3":{"name":"(anonymous_11)","decl":{"start":{"line":29,"column":22},"end":{"line":29,"column":26}},"loc":{"start":{"line":29,"column":29},"end":{"line":31,"column":17}}}},"branchMap":{"0":{"loc":{"start":{"line":22,"column":16},"end":{"line":24,"column":null}},"type":"if","locations":[{"start":{"line":22,"column":16},"end":{"line":24,"column":null}},{"start":{"line":22,"column":16},"end":{"line":24,"column":null}}]}},"s":{"0":1,"1":1,"2":1,"3":2,"4":2,"5":2,"6":2,"7":1,"8":2,"9":2,"10":1,"11":0,"12":1},"f":{"0":1,"1":2,"2":2,"3":1},"b":{"0":[1,1]}}
,"C:\\Users\\edson.sousa\\Desktop\\CHATV8\\api_ts\\UserUseCase\\CreateUser\\CreateUserUseCase.ts": {"path":"C:\\Users\\edson.sousa\\Desktop\\CHATV8\\api_ts\\UserUseCase\\CreateUser\\CreateUserUseCase.ts","statementMap":{"0":{"start":{"line":1,"column":0},"end":{"line":1,"column":43}},"1":{"start":{"line":7,"column":16},"end":{"line":7,"column":47}},"2":{"start":{"line":11,"column":21},"end":{"line":11,"column":35}},"3":{"start":{"line":12,"column":8},"end":{"line":12,"column":null}},"4":{"start":{"line":4,"column":0},"end":{"line":4,"column":13}}},"fnMap":{"0":{"name":"(anonymous_7)","decl":{"start":{"line":6,"column":4},"end":{"line":6,"column":null}},"loc":{"start":{"line":7,"column":47},"end":{"line":8,"column":9}}},"1":{"name":"(anonymous_8)","decl":{"start":{"line":10,"column":10},"end":{"line":10,"column":17}},"loc":{"start":{"line":10,"column":45},"end":{"line":13,"column":null}}}},"branchMap":{},"s":{"0":1,"1":1,"2":2,"3":2,"4":1},"f":{"0":1,"1":2},"b":{}}
,"C:\\Users\\edson.sousa\\Desktop\\CHATV8\\api_ts\\UserUseCase\\ListAllUsers\\ListAllUsersController.ts": {"path":"C:\\Users\\edson.sousa\\Desktop\\CHATV8\\api_ts\\UserUseCase\\ListAllUsers\\ListAllUsersController.ts","statementMap":{"0":{"start":{"line":8,"column":16},"end":{"line":8,"column":54}},"1":{"start":{"line":12,"column":8},"end":{"line":19,"column":null}},"2":{"start":{"line":13,"column":12},"end":{"line":14,"column":null}},"3":{"start":{"line":14,"column":33},"end":{"line":14,"column":73}},"4":{"start":{"line":16,"column":12},"end":{"line":18,"column":null}},"5":{"start":{"line":5,"column":0},"end":{"line":5,"column":13}}},"fnMap":{"0":{"name":"(anonymous_7)","decl":{"start":{"line":7,"column":4},"end":{"line":7,"column":null}},"loc":{"start":{"line":8,"column":54},"end":{"line":9,"column":9}}},"1":{"name":"(anonymous_8)","decl":{"start":{"line":11,"column":10},"end":{"line":11,"column":16}},"loc":{"start":{"line":11,"column":53},"end":{"line":20,"column":null}}},"2":{"name":"(anonymous_10)","decl":{"start":{"line":14,"column":22},"end":{"line":14,"column":27}},"loc":{"start":{"line":14,"column":30},"end":{"line":14,"column":74}}}},"branchMap":{},"s":{"0":1,"1":0,"2":0,"3":0,"4":0,"5":1},"f":{"0":1,"1":0,"2":0},"b":{}}
,"C:\\Users\\edson.sousa\\Desktop\\CHATV8\\api_ts\\UserUseCase\\ListAllUsers\\ListAllUsersUseCase.ts": {"path":"C:\\Users\\edson.sousa\\Desktop\\CHATV8\\api_ts\\UserUseCase\\ListAllUsers\\ListAllUsersUseCase.ts","statementMap":{"0":{"start":{"line":7,"column":16},"end":{"line":7,"column":47}},"1":{"start":{"line":11,"column":8},"end":{"line":11,"column":null}},"2":{"start":{"line":4,"column":0},"end":{"line":4,"column":13}}},"fnMap":{"0":{"name":"(anonymous_7)","decl":{"start":{"line":6,"column":4},"end":{"line":6,"column":null}},"loc":{"start":{"line":7,"column":47},"end":{"line":8,"column":9}}},"1":{"name":"(anonymous_8)","decl":{"start":{"line":10,"column":10},"end":{"line":10,"column":17}},"loc":{"start":{"line":10,"column":17},"end":{"line":12,"column":null}}}},"branchMap":{},"s":{"0":1,"1":0,"2":1},"f":{"0":1,"1":0},"b":{}}
,"C:\\Users\\edson.sousa\\Desktop\\CHATV8\\api_ts\\UserUseCase\\LoginUser\\LoginUserController.ts": {"path":"C:\\Users\\edson.sousa\\Desktop\\CHATV8\\api_ts\\UserUseCase\\LoginUser\\LoginUserController.ts","statementMap":{"0":{"start":{"line":3,"column":0},"end":{"line":3,"column":42}},"1":{"start":{"line":8,"column":16},"end":{"line":8,"column":50}},"2":{"start":{"line":12,"column":36},"end":{"line":12,"column":48}},"3":{"start":{"line":13,"column":8},"end":{"line":25,"column":null}},"4":{"start":{"line":14,"column":12},"end":{"line":22,"column":null}},"5":{"start":{"line":16,"column":20},"end":{"line":21,"column":null}},"6":{"start":{"line":17,"column":24},"end":{"line":17,"column":null}},"7":{"start":{"line":19,"column":38},"end":{"line":19,"column":49}},"8":{"start":{"line":20,"column":24},"end":{"line":20,"column":null}},"9":{"start":{"line":24,"column":12},"end":{"line":24,"column":null}},"10":{"start":{"line":5,"column":0},"end":{"line":5,"column":13}}},"fnMap":{"0":{"name":"(anonymous_7)","decl":{"start":{"line":7,"column":4},"end":{"line":7,"column":null}},"loc":{"start":{"line":8,"column":50},"end":{"line":9,"column":9}}},"1":{"name":"(anonymous_8)","decl":{"start":{"line":11,"column":10},"end":{"line":11,"column":16}},"loc":{"start":{"line":11,"column":53},"end":{"line":27,"column":null}}},"2":{"name":"(anonymous_10)","decl":{"start":{"line":15,"column":22},"end":{"line":15,"column":26}},"loc":{"start":{"line":15,"column":29},"end":{"line":22,"column":17}}}},"branchMap":{"0":{"loc":{"start":{"line":16,"column":20},"end":{"line":21,"column":null}},"type":"if","locations":[{"start":{"line":16,"column":20},"end":{"line":21,"column":null}},{"start":{"line":16,"column":20},"end":{"line":21,"column":null}}]}},"s":{"0":1,"1":1,"2":2,"3":2,"4":2,"5":2,"6":1,"7":1,"8":1,"9":0,"10":1},"f":{"0":1,"1":2,"2":2},"b":{"0":[1,1]}}
,"C:\\Users\\edson.sousa\\Desktop\\CHATV8\\api_ts\\UserUseCase\\LoginUser\\LoginUserUseCase.ts": {"path":"C:\\Users\\edson.sousa\\Desktop\\CHATV8\\api_ts\\UserUseCase\\LoginUser\\LoginUserUseCase.ts","statementMap":{"0":{"start":{"line":6,"column":16},"end":{"line":6,"column":47}},"1":{"start":{"line":10,"column":8},"end":{"line":10,"column":null}},"2":{"start":{"line":3,"column":0},"end":{"line":3,"column":13}}},"fnMap":{"0":{"name":"(anonymous_7)","decl":{"start":{"line":5,"column":4},"end":{"line":5,"column":null}},"loc":{"start":{"line":6,"column":47},"end":{"line":7,"column":9}}},"1":{"name":"(anonymous_8)","decl":{"start":{"line":9,"column":10},"end":{"line":9,"column":17}},"loc":{"start":{"line":9,"column":49},"end":{"line":11,"column":null}}}},"branchMap":{},"s":{"0":1,"1":2,"2":1},"f":{"0":1,"1":2},"b":{}}
,"C:\\Users\\edson.sousa\\Desktop\\CHATV8\\api_ts\\entities\\User.ts": {"path":"C:\\Users\\edson.sousa\\Desktop\\CHATV8\\api_ts\\entities\\User.ts","statementMap":{"0":{"start":{"line":1,"column":0},"end":{"line":1,"column":64}},"1":{"start":{"line":2,"column":0},"end":{"line":2,"column":67}},"2":{"start":{"line":22,"column":8},"end":{"line":22,"column":null}},"3":{"start":{"line":9,"column":4},"end":{"line":9,"column":null}},"4":{"start":{"line":13,"column":4},"end":{"line":13,"column":null}},"5":{"start":{"line":19,"column":4},"end":{"line":19,"column":null}},"6":{"start":{"line":5,"column":0},"end":{"line":5,"column":13}}},"fnMap":{"0":{"name":"(anonymous_1)","decl":{"start":{"line":21,"column":4},"end":{"line":21,"column":16}},"loc":{"start":{"line":21,"column":52},"end":{"line":23,"column":5}}}},"branchMap":{},"s":{"0":1,"1":1,"2":4,"3":1,"4":1,"5":1,"6":1},"f":{"0":4},"b":{}}
,"C:\\Users\\edson.sousa\\Desktop\\CHATV8\\api_ts\\entities\\usersSchema.ts": {"path":"C:\\Users\\edson.sousa\\Desktop\\CHATV8\\api_ts\\entities\\usersSchema.ts","statementMap":{"0":{"start":{"line":1,"column":0},"end":{"line":1,"column":31}},"1":{"start":{"line":3,"column":19},"end":{"line":7,"column":2}},"2":{"start":{"line":9,"column":9},"end":{"line":9,"column":19}}},"fnMap":{},"branchMap":{},"s":{"0":1,"1":1,"2":1},"f":{},"b":{}}
,"C:\\Users\\edson.sousa\\Desktop\\CHATV8\\api_ts\\infra\\db.ts": {"path":"C:\\Users\\edson.sousa\\Desktop\\CHATV8\\api_ts\\infra\\db.ts","statementMap":{"0":{"start":{"line":1,"column":0},"end":{"line":1,"column":31}},"1":{"start":{"line":4,"column":12},"end":{"line":4,"column":null}},"2":{"start":{"line":7,"column":8},"end":{"line":7,"column":null}},"3":{"start":{"line":11,"column":0},"end":{"line":11,"column":null}}},"fnMap":{"0":{"name":"(anonymous_1)","decl":{"start":{"line":3,"column":0},"end":{"line":3,"column":6}},"loc":{"start":{"line":3,"column":0},"end":{"line":9,"column":1}}},"1":{"name":"(anonymous_2)","decl":{"start":{"line":6,"column":4},"end":{"line":6,"column":20}},"loc":{"start":{"line":6,"column":20},"end":{"line":8,"column":5}}}},"branchMap":{},"s":{"0":1,"1":1,"2":1,"3":1},"f":{"0":1,"1":1},"b":{}}
,"C:\\Users\\edson.sousa\\Desktop\\CHATV8\\api_ts\\repositories\\UserRepository.ts": {"path":"C:\\Users\\edson.sousa\\Desktop\\CHATV8\\api_ts\\repositories\\UserRepository.ts","statementMap":{"0":{"start":{"line":1,"column":0},"end":{"line":1,"column":31}},"1":{"start":{"line":2,"column":0},"end":{"line":2,"column":52}},"2":{"start":{"line":4,"column":0},"end":{"line":4,"column":null}}},"fnMap":{},"branchMap":{},"s":{"0":1,"1":1,"2":1},"f":{},"b":{}}
,"C:\\Users\\edson.sousa\\Desktop\\CHATV8\\api_ts\\repositories\\implementation\\MongoUsersRepository.ts": {"path":"C:\\Users\\edson.sousa\\Desktop\\CHATV8\\api_ts\\repositories\\implementation\\MongoUsersRepository.ts","statementMap":{"0":{"start":{"line":3,"column":0},"end":{"line":3,"column":47}},"1":{"start":{"line":9,"column":8},"end":{"line":14,"column":null}},"2":{"start":{"line":10,"column":12},"end":{"line":10,"column":null}},"3":{"start":{"line":11,"column":12},"end":{"line":11,"column":null}},"4":{"start":{"line":13,"column":12},"end":{"line":13,"column":null}},"5":{"start":{"line":18,"column":8},"end":{"line":18,"column":null}},"6":{"start":{"line":22,"column":8},"end":{"line":22,"column":null}},"7":{"start":{"line":5,"column":0},"end":{"line":5,"column":13}}},"fnMap":{"0":{"name":"(anonymous_8)","decl":{"start":{"line":8,"column":10},"end":{"line":8,"column":14}},"loc":{"start":{"line":8,"column":25},"end":{"line":15,"column":null}}},"1":{"name":"(anonymous_10)","decl":{"start":{"line":17,"column":10},"end":{"line":17,"column":14}},"loc":{"start":{"line":17,"column":14},"end":{"line":19,"column":null}}},"2":{"name":"(anonymous_12)","decl":{"start":{"line":21,"column":10},"end":{"line":21,"column":15}},"loc":{"start":{"line":21,"column":47},"end":{"line":23,"column":null}}}},"branchMap":{},"s":{"0":1,"1":2,"2":2,"3":1,"4":0,"5":0,"6":2,"7":1},"f":{"0":2,"1":0,"2":2},"b":{}}
,"C:\\Users\\edson.sousa\\Desktop\\CHATV8\\api_ts\\utils\\CustomDecorators.ts": {"path":"C:\\Users\\edson.sousa\\Desktop\\CHATV8\\api_ts\\utils\\CustomDecorators.ts","statementMap":{"0":{"start":{"line":1,"column":0},"end":{"line":1,"column":71}},"1":{"start":{"line":4,"column":4},"end":{"line":17,"column":6}},"2":{"start":{"line":5,"column":8},"end":{"line":16,"column":11}},"3":{"start":{"line":13,"column":20},"end":{"line":13,"column":80}},"4":{"start":{"line":3,"column":0},"end":{"line":3,"column":16}},"5":{"start":{"line":21,"column":4},"end":{"line":34,"column":6}},"6":{"start":{"line":22,"column":8},"end":{"line":33,"column":11}},"7":{"start":{"line":30,"column":20},"end":{"line":30,"column":53}},"8":{"start":{"line":20,"column":0},"end":{"line":20,"column":16}}},"fnMap":{"0":{"name":"IsNotBlank","decl":{"start":{"line":3,"column":16},"end":{"line":3,"column":26}},"loc":{"start":{"line":3,"column":82},"end":{"line":18,"column":1}}},"1":{"name":"(anonymous_1)","decl":{"start":{"line":4,"column":11},"end":{"line":4,"column":21}},"loc":{"start":{"line":4,"column":57},"end":{"line":17,"column":5}}},"2":{"name":"(anonymous_2)","decl":{"start":{"line":12,"column":16},"end":{"line":12,"column":24}},"loc":{"start":{"line":12,"column":35},"end":{"line":14,"column":17}}},"3":{"name":"IsPassword","decl":{"start":{"line":20,"column":16},"end":{"line":20,"column":26}},"loc":{"start":{"line":20,"column":82},"end":{"line":35,"column":3}}},"4":{"name":"(anonymous_4)","decl":{"start":{"line":21,"column":11},"end":{"line":21,"column":21}},"loc":{"start":{"line":21,"column":57},"end":{"line":34,"column":5}}},"5":{"name":"(anonymous_5)","decl":{"start":{"line":29,"column":16},"end":{"line":29,"column":24}},"loc":{"start":{"line":29,"column":35},"end":{"line":31,"column":17}}}},"branchMap":{"0":{"loc":{"start":{"line":13,"column":27},"end":{"line":13,"column":52}},"type":"binary-expr","locations":[{"start":{"line":13,"column":27},"end":{"line":13,"column":52}},{"start":{"line":13,"column":56},"end":{"line":13,"column":79}}]}},"s":{"0":1,"1":3,"2":3,"3":6,"4":1,"5":1,"6":1,"7":2,"8":1},"f":{"0":3,"1":3,"2":6,"3":1,"4":1,"5":2},"b":{"0":[6,6]}}
,"C:\\Users\\edson.sousa\\Desktop\\CHATV8\\api_ts\\utils\\Token.ts": {"path":"C:\\Users\\edson.sousa\\Desktop\\CHATV8\\api_ts\\utils\\Token.ts","statementMap":{"0":{"start":{"line":1,"column":0},"end":{"line":1,"column":30}},"1":{"start":{"line":6,"column":22},"end":{"line":12,"column":null}},"2":{"start":{"line":14,"column":20},"end":{"line":14,"column":59}},"3":{"start":{"line":15,"column":8},"end":{"line":15,"column":null}},"4":{"start":{"line":3,"column":0},"end":{"line":3,"column":13}}},"fnMap":{"0":{"name":"(anonymous_1)","decl":{"start":{"line":5,"column":4},"end":{"line":5,"column":17}},"loc":{"start":{"line":5,"column":49},"end":{"line":16,"column":5}}}},"branchMap":{},"s":{"0":1,"1":1,"2":1,"3":1,"4":1},"f":{"0":1},"b":{}}
}
