TN:
SF:app.ts
FN:26,(anonymous_1)
FN:28,(anonymous_2)
FNF:2
FNH:0
FNDA:0,(anonymous_1)
FNDA:0,(anonymous_2)
DA:1,1
DA:2,1
DA:3,1
DA:4,1
DA:5,1
DA:6,1
DA:8,1
DA:13,1
DA:14,1
DA:15,1
DA:17,1
DA:19,1
DA:26,1
DA:27,0
DA:28,0
DA:29,0
DA:33,1
LF:17
LH:14
BRF:0
BRH:0
end_of_record
TN:
SF:router.ts
FN:7,(anonymous_0)
FN:11,(anonymous_1)
FNF:2
FNH:2
FNDA:2,(anonymous_0)
FNDA:2,(anonymous_1)
DA:1,1
DA:3,1
DA:5,1
DA:7,1
DA:8,2
DA:11,1
DA:12,2
DA:15,1
LF:8
LH:8
BRF:0
BRH:0
end_of_record
TN:
SF:UserUseCase\index.ts
FNF:0
FNH:0
DA:1,1
DA:2,1
DA:3,1
DA:4,1
DA:5,1
DA:6,1
DA:7,1
DA:9,1
DA:11,1
DA:15,1
DA:19,1
DA:23,1
DA:27,1
DA:31,1
DA:37,1
DA:38,1
DA:39,1
DA:40,1
DA:41,1
DA:42,1
LF:20
LH:20
BRF:0
BRH:0
end_of_record
TN:
SF:UserUseCase\CreateUser\CreateUserController.ts
FN:8,(anonymous_7)
FN:12,(anonymous_8)
FN:21,(anonymous_10)
FN:29,(anonymous_11)
FNF:4
FNH:4
FNDA:1,(anonymous_7)
FNDA:2,(anonymous_8)
FNDA:2,(anonymous_10)
FNDA:1,(anonymous_11)
DA:3,1
DA:4,1
DA:6,1
DA:9,1
DA:13,2
DA:15,2
DA:20,2
DA:22,2
DA:23,1
DA:27,2
DA:28,2
DA:30,1
DA:33,0
LF:13
LH:12
BRDA:22,0,0,1
BRDA:22,0,1,1
BRF:2
BRH:2
end_of_record
TN:
SF:UserUseCase\CreateUser\CreateUserUseCase.ts
FN:6,(anonymous_7)
FN:10,(anonymous_8)
FNF:2
FNH:2
FNDA:1,(anonymous_7)
FNDA:2,(anonymous_8)
DA:1,1
DA:4,1
DA:7,1
DA:11,2
DA:12,2
LF:5
LH:5
BRF:0
BRH:0
end_of_record
TN:
SF:UserUseCase\ListAllUsers\ListAllUsersController.ts
FN:7,(anonymous_7)
FN:11,(anonymous_8)
FN:14,(anonymous_10)
FNF:3
FNH:1
FNDA:1,(anonymous_7)
FNDA:0,(anonymous_8)
FNDA:0,(anonymous_10)
DA:5,1
DA:8,1
DA:12,0
DA:13,0
DA:14,0
DA:16,0
LF:6
LH:2
BRF:0
BRH:0
end_of_record
TN:
SF:UserUseCase\ListAllUsers\ListAllUsersUseCase.ts
FN:6,(anonymous_7)
FN:10,(anonymous_8)
FNF:2
FNH:1
FNDA:1,(anonymous_7)
FNDA:0,(anonymous_8)
DA:4,1
DA:7,1
DA:11,0
LF:3
LH:2
BRF:0
BRH:0
end_of_record
TN:
SF:UserUseCase\LoginUser\LoginUserController.ts
FN:7,(anonymous_7)
FN:11,(anonymous_8)
FN:15,(anonymous_10)
FNF:3
FNH:3
FNDA:1,(anonymous_7)
FNDA:2,(anonymous_8)
FNDA:2,(anonymous_10)
DA:3,1
DA:5,1
DA:8,1
DA:12,2
DA:13,2
DA:14,2
DA:16,2
DA:17,1
DA:19,1
DA:20,1
DA:24,0
LF:11
LH:10
BRDA:16,0,0,1
BRDA:16,0,1,1
BRF:2
BRH:2
end_of_record
TN:
SF:UserUseCase\LoginUser\LoginUserUseCase.ts
FN:5,(anonymous_7)
FN:9,(anonymous_8)
FNF:2
FNH:2
FNDA:1,(anonymous_7)
FNDA:2,(anonymous_8)
DA:3,1
DA:6,1
DA:10,2
LF:3
LH:3
BRF:0
BRH:0
end_of_record
TN:
SF:entities\User.ts
FN:21,(anonymous_1)
FNF:1
FNH:1
FNDA:4,(anonymous_1)
DA:1,1
DA:2,1
DA:5,1
DA:9,1
DA:13,1
DA:19,1
DA:22,4
LF:7
LH:7
BRF:0
BRH:0
end_of_record
TN:
SF:entities\usersSchema.ts
FNF:0
FNH:0
DA:1,1
DA:3,1
DA:9,1
LF:3
LH:3
BRF:0
BRH:0
end_of_record
TN:
SF:infra\db.ts
FN:3,(anonymous_1)
FN:6,(anonymous_2)
FNF:2
FNH:2
FNDA:1,(anonymous_1)
FNDA:1,(anonymous_2)
DA:1,1
DA:4,1
DA:7,1
DA:11,1
LF:4
LH:4
BRF:0
BRH:0
end_of_record
TN:
SF:repositories\UserRepository.ts
FNF:0
FNH:0
DA:1,1
DA:2,1
DA:4,1
LF:3
LH:3
BRF:0
BRH:0
end_of_record
TN:
SF:repositories\implementation\MongoUsersRepository.ts
FN:8,(anonymous_8)
FN:17,(anonymous_10)
FN:21,(anonymous_12)
FNF:3
FNH:2
FNDA:2,(anonymous_8)
FNDA:0,(anonymous_10)
FNDA:2,(anonymous_12)
DA:3,1
DA:5,1
DA:9,2
DA:10,2
DA:11,1
DA:13,0
DA:18,0
DA:22,2
LF:8
LH:6
BRF:0
BRH:0
end_of_record
TN:
SF:utils\CustomDecorators.ts
FN:3,IsNotBlank
FN:4,(anonymous_1)
FN:12,(anonymous_2)
FN:20,IsPassword
FN:21,(anonymous_4)
FN:29,(anonymous_5)
FNF:6
FNH:6
FNDA:3,IsNotBlank
FNDA:3,(anonymous_1)
FNDA:6,(anonymous_2)
FNDA:1,IsPassword
FNDA:1,(anonymous_4)
FNDA:2,(anonymous_5)
DA:1,1
DA:3,1
DA:4,3
DA:5,3
DA:13,6
DA:20,1
DA:21,1
DA:22,1
DA:30,2
LF:9
LH:9
BRDA:13,0,0,6
BRDA:13,0,1,6
BRF:2
BRH:2
end_of_record
TN:
SF:utils\Token.ts
FN:5,(anonymous_1)
FNF:1
FNH:1
FNDA:1,(anonymous_1)
DA:1,1
DA:3,1
DA:6,1
DA:14,1
DA:15,1
LF:5
LH:5
BRF:0
BRH:0
end_of_record
